09:35:45.290	SERVER	admin	OK	Server was started (port: 1984).
09:35:45.337	SERVER	admin	OK	HTTP Server was started (port: 8984).
09:38:50.537	0:0:0:0:0:0:0:1:49603	admin	REQUEST	[GET] http://localhost:8984/
09:38:52.476	0:0:0:0:0:0:0:1:49604	admin	REQUEST	[GET] http://localhost:8984/
09:38:52.830	0:0:0:0:0:0:0:1:49603	admin	400	Stopped at /Users/Christian/basex/webapp/static/question-2.xq, 2/16: [XPST0081] No namespace declared for 'exist:serialize'.	2295.61 ms
09:38:53.285	0:0:0:0:0:0:0:1:49604	admin	400	Stopped at /Users/Christian/basex/webapp/static/question-2.xq, 2/16: [XPST0081] No namespace declared for 'exist:serialize'.	809.34 ms
09:38:53.532	0:0:0:0:0:0:0:1:49604	admin	REQUEST	[GET] http://localhost:8984/favicon.ico
09:38:53.944	0:0:0:0:0:0:0:1:49604	admin	400	Stopped at /Users/Christian/basex/webapp/static/question-2.xq, 2/16: [XPST0081] No namespace declared for 'exist:serialize'.	412.32 ms
09:38:53.948	0:0:0:0:0:0:0:1:49605	admin	REQUEST	[GET] http://localhost:8984/favicon.ico
09:38:53.948	0:0:0:0:0:0:0:1:49604	admin	REQUEST	[GET] http://localhost:8984/favicon.ico
09:38:54.326	0:0:0:0:0:0:0:1:49605	admin	400	Stopped at /Users/Christian/basex/webapp/static/question-2.xq, 2/16: [XPST0081] No namespace declared for 'exist:serialize'.	378.26 ms
09:38:54.654	0:0:0:0:0:0:0:1:49604	admin	400	Stopped at /Users/Christian/basex/webapp/static/question-2.xq, 2/16: [XPST0081] No namespace declared for 'exist:serialize'.	706.0 ms
09:40:36.878	0:0:0:0:0:0:0:1:49618	admin	REQUEST	[GET] http://localhost:8984/
09:40:37.193	0:0:0:0:0:0:0:1:49618	admin	400	Stopped at /Users/Christian/basex/webapp/static/question-2.xq, 4/36: [XPST0017] Unknown function 'request:get-parameter'.	315.82 ms
09:40:37.308	0:0:0:0:0:0:0:1:49618	admin	REQUEST	[GET] http://localhost:8984/favicon.ico
09:40:37.578	0:0:0:0:0:0:0:1:49618	admin	400	Stopped at /Users/Christian/basex/webapp/static/question-2.xq, 4/36: [XPST0017] Unknown function 'request:get-parameter'.	270.34 ms
09:40:37.581	0:0:0:0:0:0:0:1:49618	admin	REQUEST	[GET] http://localhost:8984/favicon.ico
09:40:37.581	0:0:0:0:0:0:0:1:49619	admin	REQUEST	[GET] http://localhost:8984/favicon.ico
09:40:37.800	0:0:0:0:0:0:0:1:49618	admin	400	Stopped at /Users/Christian/basex/webapp/static/question-2.xq, 4/36: [XPST0017] Unknown function 'request:get-parameter'.	219.58 ms
09:40:38.033	0:0:0:0:0:0:0:1:49619	admin	400	Stopped at /Users/Christian/basex/webapp/static/question-2.xq, 4/36: [XPST0017] Unknown function 'request:get-parameter'.	451.53 ms
09:40:48.869	0:0:0:0:0:0:0:1:49619	admin	REQUEST	[GET] http://localhost:8984/
09:40:49.083	0:0:0:0:0:0:0:1:49619	admin	400	Stopped at /Users/Christian/basex/webapp/static/question-2.xq, 2/12: [XPST0003] Unexpected end of query: 'request="http:/...'.	214.08 ms
09:40:49.184	0:0:0:0:0:0:0:1:49619	admin	REQUEST	[GET] http://localhost:8984/favicon.ico
09:40:49.411	0:0:0:0:0:0:0:1:49619	admin	400	Stopped at /Users/Christian/basex/webapp/static/question-2.xq, 2/12: [XPST0003] Unexpected end of query: 'request="http:/...'.	227.24 ms
09:40:49.414	0:0:0:0:0:0:0:1:49618	admin	REQUEST	[GET] http://localhost:8984/favicon.ico
09:40:49.416	0:0:0:0:0:0:0:1:49619	admin	REQUEST	[GET] http://localhost:8984/favicon.ico
09:40:49.640	0:0:0:0:0:0:0:1:49618	admin	400	Stopped at /Users/Christian/basex/webapp/static/question-2.xq, 2/12: [XPST0003] Unexpected end of query: 'request="http:/...'.	225.77 ms
09:40:49.863	0:0:0:0:0:0:0:1:49619	admin	400	Stopped at /Users/Christian/basex/webapp/static/question-2.xq, 2/12: [XPST0003] Unexpected end of query: 'request="http:/...'.	447.11 ms
09:41:27.740	0:0:0:0:0:0:0:1:49619	admin	REQUEST	[GET] http://localhost:8984/
09:41:27.960	0:0:0:0:0:0:0:1:49619	admin	400	Stopped at /Users/Christian/basex/webapp/static/question-2.xq, 2/12: [XPST0003] Unexpected end of query: 'request="http:/...'.	219.77 ms
09:41:28.088	0:0:0:0:0:0:0:1:49619	admin	REQUEST	[GET] http://localhost:8984/favicon.ico
09:41:28.282	0:0:0:0:0:0:0:1:49619	admin	400	Stopped at /Users/Christian/basex/webapp/static/question-2.xq, 2/12: [XPST0003] Unexpected end of query: 'request="http:/...'.	194.32 ms
09:41:28.285	0:0:0:0:0:0:0:1:49618	admin	REQUEST	[GET] http://localhost:8984/favicon.ico
09:41:28.286	0:0:0:0:0:0:0:1:49619	admin	REQUEST	[GET] http://localhost:8984/favicon.ico
09:41:28.469	0:0:0:0:0:0:0:1:49618	admin	400	Stopped at /Users/Christian/basex/webapp/static/question-2.xq, 2/12: [XPST0003] Unexpected end of query: 'request="http:/...'.	183.44 ms
09:41:28.731	0:0:0:0:0:0:0:1:49619	admin	400	Stopped at /Users/Christian/basex/webapp/static/question-2.xq, 2/12: [XPST0003] Unexpected end of query: 'request="http:/...'.	445.67 ms
09:42:53.502	0:0:0:0:0:0:0:1:49637	admin	REQUEST	[GET] http://localhost:8984/
09:42:53.759	0:0:0:0:0:0:0:1:49637	admin	400	Stopped at /Users/Christian/basex/webapp/static/question-2.xq, 2/12: [XPST0003] Unexpected end of query: 'request="http:/...'.	257.09 ms
09:42:53.843	0:0:0:0:0:0:0:1:49637	admin	REQUEST	[GET] http://localhost:8984/favicon.ico
09:42:54.008	0:0:0:0:0:0:0:1:49637	admin	400	Stopped at /Users/Christian/basex/webapp/static/question-2.xq, 2/12: [XPST0003] Unexpected end of query: 'request="http:/...'.	164.86 ms
09:42:54.011	0:0:0:0:0:0:0:1:49638	admin	REQUEST	[GET] http://localhost:8984/favicon.ico
09:42:54.011	0:0:0:0:0:0:0:1:49637	admin	REQUEST	[GET] http://localhost:8984/favicon.ico
09:42:54.149	0:0:0:0:0:0:0:1:49638	admin	400	Stopped at /Users/Christian/basex/webapp/static/question-2.xq, 2/12: [XPST0003] Unexpected end of query: 'request="http:/...'.	138.27 ms
09:42:54.268	0:0:0:0:0:0:0:1:49637	admin	400	Stopped at /Users/Christian/basex/webapp/static/question-2.xq, 2/12: [XPST0003] Unexpected end of query: 'request="http:/...'.	257.1 ms
09:43:56.538	0:0:0:0:0:0:0:1:49644	admin	REQUEST	[GET] http://localhost:8984/
09:43:56.670	0:0:0:0:0:0:0:1:49644	admin	400	Stopped at /Users/Christian/basex/webapp/static/question-2.xq, 4/2: [XPST0003] No expression allowed in a library module.	132.12 ms
09:43:56.753	0:0:0:0:0:0:0:1:49644	admin	REQUEST	[GET] http://localhost:8984/favicon.ico
09:43:56.893	0:0:0:0:0:0:0:1:49644	admin	400	Stopped at /Users/Christian/basex/webapp/static/question-2.xq, 4/2: [XPST0003] No expression allowed in a library module.	139.87 ms
09:43:56.895	0:0:0:0:0:0:0:1:49644	admin	REQUEST	[GET] http://localhost:8984/favicon.ico
09:43:56.895	0:0:0:0:0:0:0:1:49645	admin	REQUEST	[GET] http://localhost:8984/favicon.ico
09:43:57.011	0:0:0:0:0:0:0:1:49644	admin	400	Stopped at /Users/Christian/basex/webapp/static/question-2.xq, 4/2: [XPST0003] No expression allowed in a library module.	116.07 ms
09:43:57.130	0:0:0:0:0:0:0:1:49645	admin	400	Stopped at /Users/Christian/basex/webapp/static/question-2.xq, 4/2: [XPST0003] No expression allowed in a library module.	234.98 ms
09:47:21.257	0:0:0:0:0:0:0:1:49656	admin	REQUEST	[GET] http://localhost:8984/
09:47:21.384	0:0:0:0:0:0:0:1:49656	admin	400	Stopped at /Users/Christian/basex/webapp/static/question-2.xq, 17/3: [XPST0003] Expecting expression.	126.95 ms
09:47:21.454	0:0:0:0:0:0:0:1:49656	admin	REQUEST	[GET] http://localhost:8984/favicon.ico
09:47:21.689	0:0:0:0:0:0:0:1:49656	admin	400	Stopped at /Users/Christian/basex/webapp/static/question-2.xq, 17/3: [XPST0003] Expecting expression.	235.48 ms
09:47:21.692	0:0:0:0:0:0:0:1:49656	admin	REQUEST	[GET] http://localhost:8984/favicon.ico
09:47:21.692	0:0:0:0:0:0:0:1:49657	admin	REQUEST	[GET] http://localhost:8984/favicon.ico
09:47:21.889	0:0:0:0:0:0:0:1:49656	admin	400	Stopped at /Users/Christian/basex/webapp/static/question-2.xq, 17/3: [XPST0003] Expecting expression.	197.48 ms
09:47:22.056	0:0:0:0:0:0:0:1:49657	admin	400	Stopped at /Users/Christian/basex/webapp/static/question-2.xq, 17/3: [XPST0003] Expecting expression.	364.13 ms
09:51:11.428	0:0:0:0:0:0:0:1:49791	admin	REQUEST	[GET] http://localhost:8984/
09:51:11.594	0:0:0:0:0:0:0:1:49791	admin	400	Stopped at /Users/Christian/basex/webapp/static/question-2.xq, 15/3: [XPST0003] Expecting expression.	165.69 ms
09:51:11.677	0:0:0:0:0:0:0:1:49791	admin	REQUEST	[GET] http://localhost:8984/favicon.ico
09:51:11.845	0:0:0:0:0:0:0:1:49791	admin	400	Stopped at /Users/Christian/basex/webapp/static/question-2.xq, 15/3: [XPST0003] Expecting expression.	167.96 ms
09:51:11.847	0:0:0:0:0:0:0:1:49792	admin	REQUEST	[GET] http://localhost:8984/favicon.ico
09:51:11.848	0:0:0:0:0:0:0:1:49791	admin	REQUEST	[GET] http://localhost:8984/favicon.ico
09:51:11.996	0:0:0:0:0:0:0:1:49792	admin	400	Stopped at /Users/Christian/basex/webapp/static/question-2.xq, 15/3: [XPST0003] Expecting expression.	148.88 ms
09:51:12.176	0:0:0:0:0:0:0:1:49791	admin	400	Stopped at /Users/Christian/basex/webapp/static/question-2.xq, 15/3: [XPST0003] Expecting expression.	328.32 ms
09:51:13.090	0:0:0:0:0:0:0:1:49791	admin	REQUEST	[GET] http://localhost:8984/
09:51:13.231	0:0:0:0:0:0:0:1:49791	admin	400	Stopped at /Users/Christian/basex/webapp/static/question-2.xq, 15/3: [XPST0003] Expecting expression.	140.76 ms
09:51:13.315	0:0:0:0:0:0:0:1:49791	admin	REQUEST	[GET] http://localhost:8984/favicon.ico
09:51:13.486	0:0:0:0:0:0:0:1:49791	admin	400	Stopped at /Users/Christian/basex/webapp/static/question-2.xq, 15/3: [XPST0003] Expecting expression.	171.5 ms
09:51:13.489	0:0:0:0:0:0:0:1:49791	admin	REQUEST	[GET] http://localhost:8984/favicon.ico
09:51:13.489	0:0:0:0:0:0:0:1:49792	admin	REQUEST	[GET] http://localhost:8984/favicon.ico
09:51:13.627	0:0:0:0:0:0:0:1:49791	admin	400	Stopped at /Users/Christian/basex/webapp/static/question-2.xq, 15/3: [XPST0003] Expecting expression.	138.54 ms
09:51:13.745	0:0:0:0:0:0:0:1:49792	admin	400	Stopped at /Users/Christian/basex/webapp/static/question-2.xq, 15/3: [XPST0003] Expecting expression.	256.27 ms
09:53:02.907	0:0:0:0:0:0:0:1:49796	admin	REQUEST	[GET] http://localhost:8984/
09:53:03.050	0:0:0:0:0:0:0:1:49796	admin	404	No function found that matches the request.	143.43 ms
09:53:03.115	0:0:0:0:0:0:0:1:49796	admin	REQUEST	[GET] http://localhost:8984/favicon.ico
09:53:03.151	0:0:0:0:0:0:0:1:49796	admin	404	No function found that matches the request.	35.73 ms
09:53:03.174	0:0:0:0:0:0:0:1:49796	admin	REQUEST	[GET] http://localhost:8984/favicon.ico
09:53:03.174	0:0:0:0:0:0:0:1:49797	admin	REQUEST	[GET] http://localhost:8984/favicon.ico
09:53:03.200	0:0:0:0:0:0:0:1:49796	admin	404	No function found that matches the request.	25.95 ms
09:53:03.229	0:0:0:0:0:0:0:1:49797	admin	404	No function found that matches the request.	54.95 ms
09:53:08.551	0:0:0:0:0:0:0:1:49797	admin	REQUEST	[GET] http://localhost:8984/login
09:53:08.581	0:0:0:0:0:0:0:1:49797	admin	404	No function found that matches the request.	30.16 ms
09:53:23.092	0:0:0:0:0:0:0:1:49797	admin	REQUEST	[POST] http://localhost:8984/login
09:53:23.250	0:0:0:0:0:0:0:1:49797	admin	200		157.75 ms
10:00:23.023	0:0:0:0:0:0:0:1:49821	admin	REQUEST	[GET] http://localhost:8984/
10:00:23.101	0:0:0:0:0:0:0:1:49821	admin	404	No function found that matches the request.	78.42 ms
10:01:19.722	0:0:0:0:0:0:0:1:49821	admin	REQUEST	[GET] http://localhost:8984/rest
10:01:19.753	0:0:0:0:0:0:0:1:49821	admin	200		31.12 ms
10:01:27.402	0:0:0:0:0:0:0:1:49821	admin	REQUEST	[GET] http://localhost:8984/rest/account
10:01:27.420	0:0:0:0:0:0:0:1:49821	admin	200		18.11 ms
10:01:31.201	0:0:0:0:0:0:0:1:49821	admin	REQUEST	[GET] http://localhost:8984/rest/account
10:01:31.207	0:0:0:0:0:0:0:1:49821	admin	200		5.75 ms
10:04:51.200	0:0:0:0:0:0:0:1:49846	admin	REQUEST	[PUT] http://localhost:8984/rest/account/account-guardada1.xml
10:04:51.238	0:0:0:0:0:0:0:1:49846	admin	201	0 resource(s) replaced in 22.81 ms.	37.91 ms
10:05:08.710	0:0:0:0:0:0:0:1:49846	admin	REQUEST	[GET] http://localhost:8984/rest/account
10:05:08.717	0:0:0:0:0:0:0:1:49846	admin	200		6.94 ms
10:05:20.222	0:0:0:0:0:0:0:1:49846	admin	REQUEST	[GET] http://localhost:8984/rest/account/account-guardada1.xml
10:05:20.230	0:0:0:0:0:0:0:1:49846	admin	200		8.25 ms
10:05:27.646	0:0:0:0:0:0:0:1:49846	admin	REQUEST	[GET] http://localhost:8984/rest/account-guardada.xml
10:05:27.647	0:0:0:0:0:0:0:1:49846	admin	400	Name 'account-guardada.xml' is invalid.	1.62 ms
10:05:36.355	0:0:0:0:0:0:0:1:49846	admin	REQUEST	[GET] http://localhost:8984/rest/account/account-guardada.xml
10:05:36.361	0:0:0:0:0:0:0:1:49846	admin	200		6.45 ms
10:12:52.984	0:0:0:0:0:0:0:1:49892	admin	REQUEST	[PUT] http://localhost:8984/rest/account/Pedro.xml
10:12:53.745	0:0:0:0:0:0:0:1:49892	admin	201	0 resource(s) replaced in 6.26 ms.	761.26 ms
10:13:02.009	0:0:0:0:0:0:0:1:49892	admin	REQUEST	[GET] http://localhost:8984/rest/account
10:13:02.014	0:0:0:0:0:0:0:1:49892	admin	200		5.0 ms
10:22:02.587	0:0:0:0:0:0:0:1:49968	admin	REQUEST	[PUT] http://localhost:8984/rest/account/Pedro.xml
10:22:02.604	0:0:0:0:0:0:0:1:49968	admin	201	1 resource(s) replaced in 9.07 ms.	17.64 ms
10:22:30.017	0:0:0:0:0:0:0:1:49968	admin	REQUEST	[POST] http://localhost:8984/rest/account/Pedro.xml
10:22:30.333	0:0:0:0:0:0:0:1:49968	admin	400	cvc-elt.1: Cannot find the declaration of element 'account'.	316.5 ms
10:22:41.774	0:0:0:0:0:0:0:1:49968	admin	REQUEST	[POST] http://localhost:8984/rest/account/Pedro1.xml
10:22:41.782	0:0:0:0:0:0:0:1:49968	admin	400	cvc-elt.1: Cannot find the declaration of element 'account'.	8.43 ms
10:27:20.375	0:0:0:0:0:0:0:1:50006	admin	REQUEST	[POST] http://localhost:8984/rest/account/pedro1.xml
10:27:20.381	0:0:0:0:0:0:0:1:50006	admin	400	cvc-elt.1: Cannot find the declaration of element 'account'.	7.01 ms
10:29:06.725	0:0:0:0:0:0:0:1:50034	admin	REQUEST	[PUT] http://localhost:8984/rest/account/pedro1.xml
10:29:07.485	0:0:0:0:0:0:0:1:50034	admin	201	0 resource(s) replaced in 5.48 ms.	760.51 ms
10:32:48.869	0:0:0:0:0:0:0:1:50072	admin	REQUEST	[POST] http://localhost:8984/rest/account/pedro2.xml
10:32:48.882	0:0:0:0:0:0:0:1:50072	admin	400	Premature end of file.	13.63 ms
10:32:55.949	0:0:0:0:0:0:0:1:50072	admin	REQUEST	[POST] http://localhost:8984/rest/account/pedro2.xml
10:32:55.953	0:0:0:0:0:0:0:1:50072	admin	400	Premature end of file.	4.11 ms
10:33:21.010	0:0:0:0:0:0:0:1:50072	admin	REQUEST	[POST] http://localhost:8984/rest/account/pedro4.xml
10:33:21.017	0:0:0:0:0:0:0:1:50072	admin	400	cvc-elt.1: Cannot find the declaration of element 'account'.	6.7 ms
10:34:39.227	0:0:0:0:0:0:0:1:50084	admin	REQUEST	[POST] http://localhost:8984/rest/account/pedro22.xml
10:34:39.331	0:0:0:0:0:0:0:1:50084	admin	400	cvc-elt.1: Cannot find the declaration of element 'account'.	104.42 ms
10:35:46.902	0:0:0:0:0:0:0:1:50095	admin	REQUEST	[POST] http://localhost:8984/rest/account/pedro22.xml
10:35:46.913	0:0:0:0:0:0:0:1:50095	admin	400	cvc-elt.1: Cannot find the declaration of element 'account'.	10.34 ms
10:36:07.742	0:0:0:0:0:0:0:1:50095	admin	REQUEST	[POST] http://localhost:8984/rest/account/pedro22.xml
10:36:07.745	0:0:0:0:0:0:0:1:50095	admin	400	Premature end of file.	3.5 ms
10:36:59.394	0:0:0:0:0:0:0:1:50095	admin	REQUEST	[POST] http://localhost:8984/rest/account/pedro22.xml
10:36:59.397	0:0:0:0:0:0:0:1:50095	admin	400	Premature end of file.	3.54 ms
10:37:12.551	0:0:0:0:0:0:0:1:50095	admin	REQUEST	[POST] http://localhost:8984/rest/account/pedro22.xml
10:37:12.556	0:0:0:0:0:0:0:1:50095	admin	400	cvc-elt.1: Cannot find the declaration of element 'account'.	4.9 ms
10:42:00.472	0:0:0:0:0:0:0:1:50279	admin	REQUEST	[GET] http://localhost:8984/
10:42:00.635	0:0:0:0:0:0:0:1:50279	admin	404	No function found that matches the request.	163.13 ms
10:42:04.276	0:0:0:0:0:0:0:1:50279	admin	REQUEST	[GET] http://localhost:8984/rest
10:42:04.284	0:0:0:0:0:0:0:1:50279	admin	200		8.81 ms
10:43:26.403	0:0:0:0:0:0:0:1:50279	admin	REQUEST	[GET] http://localhost:8984/
10:43:26.465	0:0:0:0:0:0:0:1:50279	admin	404	No function found that matches the request.	62.44 ms
10:54:44.162	0:0:0:0:0:0:0:1:50522	admin	REQUEST	[PUT] http://localhost:8984/rest/account/pedro12.xml
10:54:44.185	0:0:0:0:0:0:0:1:50522	admin	201	0 resource(s) replaced in 12.14 ms.	24.43 ms
10:54:48.875	0:0:0:0:0:0:0:1:50522	admin	REQUEST	[PUT] http://localhost:8984/rest/account/pedro12.xml
10:54:48.886	0:0:0:0:0:0:0:1:50522	admin	201	1 resource(s) replaced in 6.38 ms.	11.19 ms
10:54:55.775	0:0:0:0:0:0:0:1:50522	admin	REQUEST	[PUT] http://localhost:8984/rest/account/pedro12.xml
10:54:55.784	0:0:0:0:0:0:0:1:50522	admin	201	1 resource(s) replaced in 5.43 ms.	8.99 ms
10:58:56.533	0:0:0:0:0:0:0:1:50609	admin	REQUEST	[GET] http://localhost:8984/
10:58:56.609	0:0:0:0:0:0:0:1:50609	admin	404	No function found that matches the request.	75.88 ms
11:08:50.502	0:0:0:0:0:0:0:1:50682	admin	REQUEST	[POST] http://localhost:8984/login
11:08:50.571	0:0:0:0:0:0:0:1:50682	admin	200		68.87 ms
11:09:11.059	0:0:0:0:0:0:0:1:50682	admin	REQUEST	[POST] http://localhost:8984/login
11:09:11.110	0:0:0:0:0:0:0:1:50682	admin	200		50.5 ms
11:09:21.915	0:0:0:0:0:0:0:1:50682	admin	REQUEST	[PUT] http://localhost:8984/rest/account/.xml
11:09:21.927	0:0:0:0:0:0:0:1:50682	admin	201	0 resource(s) replaced in 5.45 ms.	11.77 ms
11:09:28.720	0:0:0:0:0:0:0:1:50682	admin	REQUEST	[PUT] http://localhost:8984/rest/account/.xml
11:09:28.729	0:0:0:0:0:0:0:1:50682	admin	201	1 resource(s) replaced in 5.89 ms.	9.49 ms
11:09:29.882	0:0:0:0:0:0:0:1:50682	admin	REQUEST	[PUT] http://localhost:8984/rest/account/.xml
11:09:29.890	0:0:0:0:0:0:0:1:50682	admin	201	1 resource(s) replaced in 4.02 ms.	8.09 ms
11:14:19.344	0:0:0:0:0:0:0:1:50908	admin	REQUEST	[PUT] http://localhost:8984/rest/account/.xml
11:14:19.374	0:0:0:0:0:0:0:1:50908	admin	201	1 resource(s) replaced in 13.74 ms.	30.28 ms
11:14:42.280	0:0:0:0:0:0:0:1:50908	admin	REQUEST	[PUT] http://localhost:8984/rest/account/.xml
11:14:42.287	0:0:0:0:0:0:0:1:50908	admin	201	1 resource(s) replaced in 4.72 ms.	7.99 ms
11:14:47.258	0:0:0:0:0:0:0:1:50908	admin	REQUEST	[PUT] http://localhost:8984/rest/account/.xml
11:14:47.266	0:0:0:0:0:0:0:1:50908	admin	201	1 resource(s) replaced in 4.53 ms.	7.86 ms
11:15:03.182	0:0:0:0:0:0:0:1:50908	admin	REQUEST	[PUT] http://localhost:8984/rest/account/.xml
11:15:03.192	0:0:0:0:0:0:0:1:50908	admin	201	1 resource(s) replaced in 4.94 ms.	10.72 ms
11:15:03.956	0:0:0:0:0:0:0:1:50908	admin	REQUEST	[PUT] http://localhost:8984/rest/account/.xml
11:15:03.963	0:0:0:0:0:0:0:1:50908	admin	201	1 resource(s) replaced in 3.75 ms.	7.34 ms
11:15:04.372	0:0:0:0:0:0:0:1:50908	admin	REQUEST	[PUT] http://localhost:8984/rest/account/.xml
11:15:04.379	0:0:0:0:0:0:0:1:50908	admin	201	1 resource(s) replaced in 3.61 ms.	7.25 ms
11:15:58.536	0:0:0:0:0:0:0:1:50908	admin	REQUEST	[PUT] http://localhost:8984/rest/account/.xml
11:15:58.548	0:0:0:0:0:0:0:1:50908	admin	201	1 resource(s) replaced in 6.38 ms.	11.73 ms
11:16:09.053	0:0:0:0:0:0:0:1:50908	admin	REQUEST	[PUT] http://localhost:8984/rest/account/212.xml
11:16:09.065	0:0:0:0:0:0:0:1:50908	admin	201	0 resource(s) replaced in 5.08 ms.	11.28 ms
11:19:52.429	0:0:0:0:0:0:0:1:50955	admin	REQUEST	[PUT] http://localhost:8984/rest/account/asd.xml
11:19:52.440	0:0:0:0:0:0:0:1:50955	admin	201	0 resource(s) replaced in 6.23 ms.	11.76 ms
11:19:59.101	0:0:0:0:0:0:0:1:50955	admin	REQUEST	[PUT] http://localhost:8984/rest/account/asd.xml
11:19:59.111	0:0:0:0:0:0:0:1:50955	admin	201	1 resource(s) replaced in 5.64 ms.	9.91 ms
11:39:58.896	SERVER	admin	OK	Server was stopped (port: 1984).
11:39:58.898	SERVER	admin	OK	HTTP Server was stopped (port: 8984).
16:08:53.445	SERVER	admin	OK	Server was started (port: 1984).
16:08:53.496	SERVER	admin	OK	HTTP Server was started (port: 8984).
16:12:02.309	0:0:0:0:0:0:0:1:54154	admin	REQUEST	[GET] http://localhost:8984/
16:12:02.774	0:0:0:0:0:0:0:1:54155	admin	REQUEST	[GET] http://localhost:8984/
16:12:03.927	0:0:0:0:0:0:0:1:54154	admin	404	No function found that matches the request.	1622.06 ms
16:12:03.995	0:0:0:0:0:0:0:1:54155	admin	404	No function found that matches the request.	1221.28 ms
16:12:34.587	0:0:0:0:0:0:0:1:54155	admin	REQUEST	[POST] http://localhost:8984/login
16:12:34.829	0:0:0:0:0:0:0:1:54155	admin	200		242.77 ms
21:38:46.257	SERVER	admin	OK	Server was stopped (port: 1984).
21:38:46.261	SERVER	admin	OK	HTTP Server was stopped (port: 8984).
